<?xml version="1.0" encoding="UTF-8" ?>
<testsuite tests="5" failures="1" name="com.sg.vendingmachine.service.VendingMachineServiceLayerTest" time="0.095" errors="0" skipped="0">
  <properties>
[...]
</properties>
  <testcase classname="com.sg.vendingmachine.service.VendingMachineServiceLayerTest" name="testGetAllItems" time="0.012"/>
  <testcase classname="com.sg.vendingmachine.service.VendingMachineServiceLayerTest" name="testPurchaseItem" time="0.071">
    <failure message="expected:&lt;[You&apos;re receiving 1 Dollars 
You&apos;re receiving 2 Quarters 
You&apos;re receiving 0 Dimes 
You&apos;re receiving 0 Nickels 
You&apos;re receiving 0 Pennies]&gt; but was:&lt;[1 dollars, 2 quarters, 0 dimes, 0 nickels, and 0 pennies.]&gt;" type="org.junit.ComparisonFailure">org.junit.ComparisonFailure: expected:&lt;[You&apos;re receiving 1 Dollars 
You&apos;re receiving 2 Quarters 
You&apos;re receiving 0 Dimes 
You&apos;re receiving 0 Nickels 
You&apos;re receiving 0 Pennies]&gt; but was:&lt;[1 dollars, 2 quarters, 0 dimes, 0 nickels, and 0 pennies.]&gt;
	at org.junit.Assert.assertEquals(Assert.java:115)
	at org.junit.Assert.assertEquals(Assert.java:144)
	at com.sg.vendingmachine.service.VendingMachineServiceLayerTest.testPurchaseItem(VendingMachineServiceLayerTest.java:117)
	at java.base/jdk.internal.reflect.NativeMethodAccessorImpl.invoke0(Native Method)
	at java.base/jdk.internal.reflect.NativeMethodAccessorImpl.invoke(NativeMethodAccessorImpl.java:62)
	at java.base/jdk.internal.reflect.DelegatingMethodAccessorImpl.invoke(DelegatingMethodAccessorImpl.java:43)
	at java.base/java.lang.reflect.Method.invoke(Method.java:566)
	at org.junit.runners.model.FrameworkMethod$1.runReflectiveCall(FrameworkMethod.java:47)
	at org.junit.internal.runners.model.ReflectiveCallable.run(ReflectiveCallable.java:12)
	at org.junit.runners.model.FrameworkMethod.invokeExplosively(FrameworkMethod.java:44)
	at org.junit.internal.runners.statements.InvokeMethod.evaluate(InvokeMethod.java:17)
	at org.junit.internal.runners.statements.RunBefores.evaluate(RunBefores.java:26)
	at org.junit.internal.runners.statements.RunAfters.evaluate(RunAfters.java:27)
	at org.junit.runners.ParentRunner.runLeaf(ParentRunner.java:271)
	at org.junit.runners.BlockJUnit4ClassRunner.runChild(BlockJUnit4ClassRunner.java:70)
	at org.junit.runners.BlockJUnit4ClassRunner.runChild(BlockJUnit4ClassRunner.java:50)
	at org.junit.runners.ParentRunner$3.run(ParentRunner.java:238)
	at org.junit.runners.ParentRunner$1.schedule(ParentRunner.java:63)
	at org.junit.runners.ParentRunner.runChildren(ParentRunner.java:236)
	at org.junit.runners.ParentRunner.access$000(ParentRunner.java:53)
	at org.junit.runners.ParentRunner$2.evaluate(ParentRunner.java:229)
	at org.junit.internal.runners.statements.RunBefores.evaluate(RunBefores.java:26)
	at org.junit.internal.runners.statements.RunAfters.evaluate(RunAfters.java:27)
	at org.junit.runners.ParentRunner.run(ParentRunner.java:309)
	at org.apache.maven.surefire.junit4.JUnit4Provider.execute(JUnit4Provider.java:252)
	at org.apache.maven.surefire.junit4.JUnit4Provider.executeTestSet(JUnit4Provider.java:141)
	at org.apache.maven.surefire.junit4.JUnit4Provider.invoke(JUnit4Provider.java:112)
	at java.base/jdk.internal.reflect.NativeMethodAccessorImpl.invoke0(Native Method)
	at java.base/jdk.internal.reflect.NativeMethodAccessorImpl.invoke(NativeMethodAccessorImpl.java:62)
	at java.base/jdk.internal.reflect.DelegatingMethodAccessorImpl.invoke(DelegatingMethodAccessorImpl.java:43)
	at java.base/java.lang.reflect.Method.invoke(Method.java:566)
	at org.apache.maven.surefire.util.ReflectionUtils.invokeMethodWithArray(ReflectionUtils.java:189)
	at org.apache.maven.surefire.booter.ProviderFactory$ProviderProxy.invoke(ProviderFactory.java:165)
	at org.apache.maven.surefire.booter.ProviderFactory.invokeProvider(ProviderFactory.java:85)
	at org.apache.maven.surefire.booter.ForkedBooter.runSuitesInProcess(ForkedBooter.java:115)
	at org.apache.maven.surefire.booter.ForkedBooter.main(ForkedBooter.java:75)
</failure>
    <system-out>Failed to delete the file
</system-out>
  </testcase>
  <testcase classname="com.sg.vendingmachine.service.VendingMachineServiceLayerTest" name="testNoInventoryExp" time="0.006"/>
  <testcase classname="com.sg.vendingmachine.service.VendingMachineServiceLayerTest" name="testGetItem" time="0.003"/>
  <testcase classname="com.sg.vendingmachine.service.VendingMachineServiceLayerTest" name="testPurchaseItemInsufficientFundsExp" time="0.003"/>
</testsuite>